#
# There is insufficient memory for the Java Runtime Environment to continue.
# Native memory allocation (malloc) failed to allocate 32744 bytes for ChunkPool::allocate
# Possible reasons:
#   The system is out of physical RAM or swap space
#   In 32 bit mode, the process size limit was hit
# Possible solutions:
#   Reduce memory load on the system
#   Increase physical memory or swap space
#   Check if swap backing store is full
#   Use 64 bit Java on a 64 bit OS
#   Decrease Java heap size (-Xmx/-Xms)
#   Decrease number of Java threads
#   Decrease Java thread stack sizes (-Xss)
#   Set larger code cache with -XX:ReservedCodeCacheSize=
# This output file may be truncated or incomplete.
#
#  Out of Memory Error (allocation.cpp:273), pid=24544, tid=19288
#
# JRE version: Java(TM) SE Runtime Environment (8.0_73-b02) (build 1.8.0_73-b02)
# Java VM: Java HotSpot(TM) 64-Bit Server VM (25.73-b02 mixed mode windows-amd64 compressed oops)
# Failed to write core dump. Minidumps are not enabled by default on client versions of Windows
#

---------------  T H R E A D  ---------------

Current thread (0x000000001656e000):  JavaThread "C2 CompilerThread1" daemon [_thread_in_native, id=19288, stack(0x0000000017f70000,0x0000000018070000)]

Stack: [0x0000000017f70000,0x0000000018070000]
[error occurred during error reporting (printing stack bounds), id 0xc0000005]

Native frames: (J=compiled Java code, j=interpreted, Vv=VM code, C=native code)


Current CompileTask:
C2:3722747 15368       4       com.android.dx.dex.file.DebugInfoEncoder::convert0 (246 bytes)


---------------  P R O C E S S  ---------------

Java Threads: ( => current thread )
  0x0000000017de4800 JavaThread "pool-9-thread-4" [_thread_blocked, id=23132, stack(0x0000000023dc0000,0x0000000023ec0000)]
  0x0000000017dea000 JavaThread "pool-9-thread-3" [_thread_blocked, id=676, stack(0x0000000023cc0000,0x0000000023dc0000)]
  0x0000000017de9000 JavaThread "pool-9-thread-2" [_thread_blocked, id=15796, stack(0x0000000023bc0000,0x0000000023cc0000)]
  0x0000000017de7000 JavaThread "pool-9-thread-1" [_thread_blocked, id=24472, stack(0x0000000023ac0000,0x0000000023bc0000)]
  0x000000001966e800 JavaThread "Stdin handler" [_thread_blocked, id=15484, stack(0x0000000022fc0000,0x00000000230c0000)]
  0x000000001966d000 JavaThread "Asynchronous log dispatcher for org.gradle.launcher.daemon.server.DefaultDaemonConnection@5161e830" [_thread_blocked, id=8628, stack(0x0000000022ec0000,0x0000000022fc0000)]
  0x000000001966b000 JavaThread "Daemon worker Thread 3" [_thread_in_Java, id=25548, stack(0x0000000022dc0000,0x0000000022ec0000)]
  0x000000001966a000 JavaThread "Cancel handler" [_thread_blocked, id=18988, stack(0x0000000022cc0000,0x0000000022dc0000)]
  0x000000001966b800 JavaThread "Handler for socket connection from /127.0.0.1:56238 to /127.0.0.1:52776" [_thread_in_native, id=25184, stack(0x0000000022bc0000,0x0000000022cc0000)]
  0x000000001966e000 JavaThread "Daemon Thread 3" [_thread_blocked, id=6364, stack(0x0000000022ac0000,0x0000000022bc0000)]
  0x0000000019670000 JavaThread "File lock request listener" [_thread_in_native, id=21792, stack(0x000000001bbd0000,0x000000001bcd0000)]
  0x0000000018de9000 JavaThread "Incoming local TCP Connector on port 56238" [_thread_in_native, id=24736, stack(0x0000000019e40000,0x0000000019f40000)]
  0x0000000018da7800 JavaThread "pool-1-thread-1" [_thread_blocked, id=24612, stack(0x0000000019b40000,0x0000000019c40000)]
  0x0000000017bfa800 JavaThread "Service Thread" daemon [_thread_blocked, id=24660, stack(0x0000000018170000,0x0000000018270000)]
  0x0000000017b72800 JavaThread "C1 CompilerThread2" daemon [_thread_blocked, id=1836, stack(0x0000000018070000,0x0000000018170000)]
=>0x000000001656e000 JavaThread "C2 CompilerThread1" daemon [_thread_in_native, id=19288, stack(0x0000000017f70000,0x0000000018070000)]
  0x000000001656b000 JavaThread "C2 CompilerThread0" daemon [_thread_in_native, id=24512, stack(0x0000000017a70000,0x0000000017b70000)]
  0x000000001651f000 JavaThread "Attach Listener" daemon [_thread_blocked, id=24420, stack(0x0000000017970000,0x0000000017a70000)]
  0x000000001651e000 JavaThread "Signal Dispatcher" daemon [_thread_blocked, id=24560, stack(0x0000000017870000,0x0000000017970000)]
  0x0000000002b26000 JavaThread "Finalizer" daemon [_thread_blocked, id=24436, stack(0x0000000017770000,0x0000000017870000)]
  0x0000000002b1d000 JavaThread "Reference Handler" daemon [_thread_blocked, id=24312, stack(0x0000000017670000,0x0000000017770000)]
  0x0000000002a30800 JavaThread "main" [_thread_blocked, id=24388, stack(0x0000000000e60000,0x0000000000f60000)]

Other Threads:
  0x00000000164d7800 VMThread [stack: 0x0000000017570000,0x0000000017670000] [id=23976]
  0x0000000017c3d800 WatcherThread [stack: 0x0000000018270000,0x0000000018370000] [id=21568]

VM state:not at safepoint (normal execution)

VM Mutex/Monitor currently owned by a thread: None

Heap:
 PSYoungGen      total 312320K, used 232608K [0x00000000e0000000, 0x00000000f6a80000, 0x0000000100000000)
  eden space 273920K, 84% used [0x00000000e0000000,0x00000000ee3281a8,0x00000000f0b80000)
  from space 38400K, 0% used [0x00000000f3680000,0x00000000f3680000,0x00000000f5c00000)
  to   space 44032K, 0% used [0x00000000f0b80000,0x00000000f0b80000,0x00000000f3680000)
 ParOldGen       total 168448K, used 73350K [0x00000000a0000000, 0x00000000aa480000, 0x00000000e0000000)
  object space 168448K, 43% used [0x00000000a0000000,0x00000000a47a1a88,0x00000000aa480000)
 Metaspace       used 68956K, capacity 70934K, committed 73088K, reserved 1112064K
  class space    used 8952K, capacity 9275K, committed 9856K, reserved 1048576K

Card table byte_map: [0x0000000011f60000,0x0000000012270000] byte_map_base: 0x0000000011a60000

Marking Bits: (ParMarkBitMap*) 0x00000000752c0600
 Begin Bits: [0x0000000012870000, 0x0000000014070000)
 End Bits:   [0x0000000014070000, 0x0000000015870000)

Polling page: 0x0000000000910000

CodeCache: size=245760Kb used=44295Kb max_used=44636Kb free=201464Kb
 bounds [0x0000000002ba0000, 0x0000000005770000, 0x0000000011ba0000]
 total_blobs=13455 nmethods=12700 adapters=665
 compilation: enabled

Compilation events (10 events):
Event: 3721.211 Thread 0x0000000017b72800 15668       2       com.google.protobuf.CodedOutputStream::writeMessageNoTag (18 bytes)
Event: 3721.211 Thread 0x0000000017b72800 nmethod 15668 0x000000000526f610 code [0x000000000526f7a0, 0x000000000526fa18]
Event: 3721.211 Thread 0x0000000017b72800 15669       2       com.google.protobuf.CodedOutputStream::writeEnum (12 bytes)
Event: 3721.211 Thread 0x0000000017b72800 nmethod 15669 0x0000000005127550 code [0x00000000051276c0, 0x00000000051278a8]
Event: 3721.235 Thread 0x0000000017b72800 15671       2       com.google.common.hash.HashCode::toString (78 bytes)
Event: 3721.236 Thread 0x0000000017b72800 nmethod 15671 0x00000000051268d0 code [0x0000000005126a80, 0x0000000005126fb8]
Event: 3721.341 Thread 0x0000000017b72800 15672 % !   3       java.util.concurrent.ConcurrentHashMap::clear @ 117 (176 bytes)
Event: 3721.343 Thread 0x0000000017b72800 nmethod 15672% 0x00000000051253d0 code [0x00000000051255c0, 0x0000000005126398]
Event: 3721.343 Thread 0x0000000017b72800 15673   !   3       java.util.concurrent.ConcurrentHashMap::clear (176 bytes)
Event: 3721.344 Thread 0x0000000017b72800 nmethod 15673 0x0000000005124050 code [0x0000000005124240, 0x0000000005124f18]

GC Heap History (10 events):
Event: 3712.273 GC heap before
{Heap before GC invocations=35 (full 6):
 PSYoungGen      total 312320K, used 310475K [0x00000000e0000000, 0x00000000f6a80000, 0x0000000100000000)
  eden space 273920K, 100% used [0x00000000e0000000,0x00000000f0b80000,0x00000000f0b80000)
  from space 38400K, 95% used [0x00000000f3680000,0x00000000f5a32f78,0x00000000f5c00000)
  to   space 44032K, 0% used [0x00000000f0b80000,0x00000000f0b80000,0x00000000f3680000)
 ParOldGen       total 164864K, used 101901K [0x00000000a0000000, 0x00000000aa100000, 0x00000000e0000000)
  object space 164864K, 61% used [0x00000000a0000000,0x00000000a6383720,0x00000000aa100000)
 Metaspace       used 69446K, capacity 72198K, committed 72832K, reserved 1112064K
  class space    used 9149K, capacity 9678K, committed 9856K, reserved 1048576K
Event: 3712.498 GC heap after
Heap after GC invocations=35 (full 6):
 PSYoungGen      total 317952K, used 39544K [0x00000000e0000000, 0x00000000f6a80000, 0x0000000100000000)
  eden space 273920K, 0% used [0x00000000e0000000,0x00000000e0000000,0x00000000f0b80000)
  from space 44032K, 89% used [0x00000000f0b80000,0x00000000f321e398,0x00000000f3680000)
  to   space 38400K, 0% used [0x00000000f3680000,0x00000000f3680000,0x00000000f5c00000)
 ParOldGen       total 164864K, used 132830K [0x00000000a0000000, 0x00000000aa100000, 0x00000000e0000000)
  object space 164864K, 80% used [0x00000000a0000000,0x00000000a81b7bb8,0x00000000aa100000)
 Metaspace       used 69446K, capacity 72198K, committed 72832K, reserved 1112064K
  class space    used 9149K, capacity 9678K, committed 9856K, reserved 1048576K
}
Event: 3714.324 GC heap before
{Heap before GC invocations=36 (full 6):
 PSYoungGen      total 317952K, used 313464K [0x00000000e0000000, 0x00000000f6a80000, 0x0000000100000000)
  eden space 273920K, 100% used [0x00000000e0000000,0x00000000f0b80000,0x00000000f0b80000)
  from space 44032K, 89% used [0x00000000f0b80000,0x00000000f321e398,0x00000000f3680000)
  to   space 38400K, 0% used [0x00000000f3680000,0x00000000f3680000,0x00000000f5c00000)
 ParOldGen       total 164864K, used 132830K [0x00000000a0000000, 0x00000000aa100000, 0x00000000e0000000)
  object space 164864K, 80% used [0x00000000a0000000,0x00000000a81b7bb8,0x00000000aa100000)
 Metaspace       used 69467K, capacity 72198K, committed 72832K, reserved 1112064K
  class space    used 9149K, capacity 9678K, committed 9856K, reserved 1048576K
Event: 3714.438 GC heap after
Heap after GC invocations=36 (full 6):
 PSYoungGen      total 312320K, used 38394K [0x00000000e0000000, 0x00000000f6a80000, 0x0000000100000000)
  eden space 273920K, 0% used [0x00000000e0000000,0x00000000e0000000,0x00000000f0b80000)
  from space 38400K, 99% used [0x00000000f3680000,0x00000000f5bfea80,0x00000000f5c00000)
  to   space 44032K, 0% used [0x00000000f0b80000,0x00000000f0b80000,0x00000000f3680000)
 ParOldGen       total 168448K, used 168369K [0x00000000a0000000, 0x00000000aa480000, 0x00000000e0000000)
  object space 168448K, 99% used [0x00000000a0000000,0x00000000aa46c600,0x00000000aa480000)
 Metaspace       used 69467K, capacity 72198K, committed 72832K, reserved 1112064K
  class space    used 9149K, capacity 9678K, committed 9856K, reserved 1048576K
}
Event: 3714.438 GC heap before
{Heap before GC invocations=37 (full 7):
 PSYoungGen      total 312320K, used 38394K [0x00000000e0000000, 0x00000000f6a80000, 0x0000000100000000)
  eden space 273920K, 0% used [0x00000000e0000000,0x00000000e0000000,0x00000000f0b80000)
  from space 38400K, 99% used [0x00000000f3680000,0x00000000f5bfea80,0x00000000f5c00000)
  to   space 44032K, 0% used [0x00000000f0b80000,0x00000000f0b80000,0x00000000f3680000)
 ParOldGen       total 168448K, used 168369K [0x00000000a0000000, 0x00000000aa480000, 0x00000000e0000000)
  object space 168448K, 99% used [0x00000000a0000000,0x00000000aa46c600,0x00000000aa480000)
 Metaspace       used 69467K, capacity 72198K, committed 72832K, reserved 1112064K
  class space    used 9149K, capacity 9678K, committed 9856K, reserved 1048576K
Event: 3715.702 GC heap after
Heap after GC invocations=37 (full 7):
 PSYoungGen      total 312320K, used 0K [0x00000000e0000000, 0x00000000f6a80000, 0x0000000100000000)
  eden space 273920K, 0% used [0x00000000e0000000,0x00000000e0000000,0x00000000f0b80000)
  from space 38400K, 0% used [0x00000000f3680000,0x00000000f3680000,0x00000000f5c00000)
  to   space 44032K, 0% used [0x00000000f0b80000,0x00000000f0b80000,0x00000000f3680000)
 ParOldGen       total 168448K, used 153636K [0x00000000a0000000, 0x00000000aa480000, 0x00000000e0000000)
  object space 168448K, 91% used [0x00000000a0000000,0x00000000a9609280,0x00000000aa480000)
 Metaspace       used 69467K, capacity 72198K, committed 72832K, reserved 1112064K
  class space    used 9149K, capacity 9678K, committed 9856K, reserved 1048576K
}
Event: 3716.526 GC heap before
{Heap before GC invocations=38 (full 8):
 PSYoungGen      total 312320K, used 273920K [0x00000000e0000000, 0x00000000f6a80000, 0x0000000100000000)
  eden space 273920K, 100% used [0x00000000e0000000,0x00000000f0b80000,0x00000000f0b80000)
  from space 38400K, 0% used [0x00000000f3680000,0x00000000f3680000,0x00000000f5c00000)
  to   space 44032K, 0% used [0x00000000f0b80000,0x00000000f0b80000,0x00000000f3680000)
 ParOldGen       total 168448K, used 153636K [0x00000000a0000000, 0x00000000aa480000, 0x00000000e0000000)
  object space 168448K, 91% used [0x00000000a0000000,0x00000000a9609280,0x00000000aa480000)
 Metaspace       used 69484K, capacity 72262K, committed 72832K, reserved 1112064K
  class space    used 9149K, capacity 9678K, committed 9856K, reserved 1048576K
Event: 3717.987 GC heap after
Heap after GC invocations=38 (full 8):
 PSYoungGen      total 312320K, used 19373K [0x00000000e0000000, 0x00000000f6a80000, 0x0000000100000000)
  eden space 273920K, 7% used [0x00000000e0000000,0x00000000e12eb700,0x00000000f0b80000)
  from space 38400K, 0% used [0x00000000f3680000,0x00000000f3680000,0x00000000f5c00000)
  to   space 44032K, 0% used [0x00000000f0b80000,0x00000000f0b80000,0x00000000f3680000)
 ParOldGen       total 168448K, used 168447K [0x00000000a0000000, 0x00000000aa480000, 0x00000000e0000000)
  object space 168448K, 99% used [0x00000000a0000000,0x00000000aa47fc88,0x00000000aa480000)
 Metaspace       used 69484K, capacity 72262K, committed 72832K, reserved 1112064K
  class space    used 9149K, capacity 9678K, committed 9856K, reserved 1048576K
}
Event: 3720.215 GC heap before
{Heap before GC invocations=39 (full 9):
 PSYoungGen      total 312320K, used 273789K [0x00000000e0000000, 0x00000000f6a80000, 0x0000000100000000)
  eden space 273920K, 99% used [0x00000000e0000000,0x00000000f0b5f6f8,0x00000000f0b80000)
  from space 38400K, 0% used [0x00000000f3680000,0x00000000f3680000,0x00000000f5c00000)
  to   space 44032K, 0% used [0x00000000f0b80000,0x00000000f0b80000,0x00000000f3680000)
 ParOldGen       total 168448K, used 168447K [0x00000000a0000000, 0x00000000aa480000, 0x00000000e0000000)
  object space 168448K, 99% used [0x00000000a0000000,0x00000000aa47fc88,0x00000000aa480000)
 Metaspace       used 69895K, capacity 72694K, committed 73088K, reserved 1112064K
  class space    used 9193K, capacity 9754K, committed 9856K, reserved 1048576K
Event: 3720.693 GC heap after
Heap after GC invocations=39 (full 9):
 PSYoungGen      total 312320K, used 0K [0x00000000e0000000, 0x00000000f6a80000, 0x0000000100000000)
  eden space 273920K, 0% used [0x00000000e0000000,0x00000000e0000000,0x00000000f0b80000)
  from space 38400K, 0% used [0x00000000f3680000,0x00000000f3680000,0x00000000f5c00000)
  to   space 44032K, 0% used [0x00000000f0b80000,0x00000000f0b80000,0x00000000f3680000)
 ParOldGen       total 168448K, used 73350K [0x00000000a0000000, 0x00000000aa480000, 0x00000000e0000000)
  object space 168448K, 43% used [0x00000000a0000000,0x00000000a47a1a88,0x00000000aa480000)
 Metaspace       used 68040K, capacity 70096K, committed 73088K, reserved 1112064K
  class space    used 8814K, capacity 9172K, committed 9856K, reserved 1048576K
}

Deoptimization events (10 events):
Event: 3719.500 Thread 0x000000001966b000 Uncommon trap: reason=bimorphic action=maybe_recompile pc=0x0000000002d1abc0 method=sun.security.provider.DigestBase.engineUpdate([BII)V @ 128
Event: 3719.500 Thread 0x000000001966b000 Uncommon trap: reason=bimorphic action=maybe_recompile pc=0x0000000002d1abc0 method=sun.security.provider.DigestBase.engineUpdate([BII)V @ 128
Event: 3720.759 Thread 0x000000001966b000 Uncommon trap: reason=bimorphic action=maybe_recompile pc=0x000000000408e9ec method=java.io.FilterInputStream.read()I @ 4
Event: 3720.759 Thread 0x000000001966b000 Uncommon trap: reason=bimorphic action=maybe_recompile pc=0x000000000408e9ec method=java.io.FilterInputStream.read()I @ 4
Event: 3720.759 Thread 0x000000001966b000 Uncommon trap: reason=bimorphic action=maybe_recompile pc=0x000000000408e9ec method=java.io.FilterInputStream.read()I @ 4
Event: 3720.759 Thread 0x000000001966b000 Uncommon trap: reason=bimorphic action=maybe_recompile pc=0x000000000408e9ec method=java.io.FilterInputStream.read()I @ 4
Event: 3720.763 Thread 0x000000001966b000 Uncommon trap: reason=bimorphic action=maybe_recompile pc=0x000000000343e2c4 method=java.io.FilterInputStream.read([BII)I @ 7
Event: 3720.763 Thread 0x000000001966b000 Uncommon trap: reason=bimorphic action=maybe_recompile pc=0x000000000343e2c4 method=java.io.FilterInputStream.read([BII)I @ 7
Event: 3720.763 Thread 0x000000001966b000 Uncommon trap: reason=bimorphic action=maybe_recompile pc=0x000000000343e2c4 method=java.io.FilterInputStream.read([BII)I @ 7
Event: 3720.764 Thread 0x000000001966b000 Uncommon trap: reason=bimorphic action=maybe_recompile pc=0x000000000343e2c4 method=java.io.FilterInputStream.read([BII)I @ 7

Internal exceptions (10 events):
Event: 3698.825 Thread 0x000000001966b000 Implicit null exception at 0x00000000049990d7 to 0x000000000499921b
Event: 3701.885 Thread 0x000000001966b000 Exception <a 'java/lang/NoSuchMethodError': <clinit>> (0x00000000e7e30a90) thrown at [D:\re\puppet\workspace\8-2-build-windows-amd64-cygwin\jdk8u73\6086\hotspot\src\share\vm\prims\jni.cpp, line 1591]
Event: 3706.606 Thread 0x0000000017df3000 Implicit null exception at 0x00000000052c4a93 to 0x00000000052c6db5
Event: 3706.607 Thread 0x0000000017df3000 Implicit null exception at 0x00000000051ac165 to 0x00000000051ac321
Event: 3714.305 Thread 0x0000000020d86800 Implicit null exception at 0x0000000005184b08 to 0x00000000051853e5
Event: 3718.573 Thread 0x0000000017df0000 Implicit null exception at 0x00000000056c3284 to 0x00000000056c4b61
Event: 3721.204 Thread 0x000000001966b000 Exception <a 'java/lang/NoSuchMethodError': <clinit>> (0x00000000ee1edab0) thrown at [D:\re\puppet\workspace\8-2-build-windows-amd64-cygwin\jdk8u73\6086\hotspot\src\share\vm\prims\jni.cpp, line 1591]
Event: 3721.205 Thread 0x000000001966b000 Exception <a 'java/lang/NoSuchMethodError': <clinit>> (0x00000000ee1faff0) thrown at [D:\re\puppet\workspace\8-2-build-windows-amd64-cygwin\jdk8u73\6086\hotspot\src\share\vm\prims\jni.cpp, line 1591]
Event: 3721.206 Thread 0x000000001966b000 Exception <a 'java/lang/NoSuchMethodError': <clinit>> (0x00000000ee20fb28) thrown at [D:\re\puppet\workspace\8-2-build-windows-amd64-cygwin\jdk8u73\6086\hotspot\src\share\vm\prims\jni.cpp, line 1591]
Event: 3721.206 Thread 0x000000001966b000 Exception <a 'java/lang/NoSuchMethodError': <clinit>> (0x00000000ee210c10) thrown at [D:\re\puppet\workspace\8-2-build-windows-amd64-cygwin\jdk8u73\6086\hotspot\src\share\vm\prims\jni.cpp, line 1591]

Events (10 events):
Event: 3721.211 Thread 0x0000000017de6000 Thread exited: 0x0000000017de6000
Event: 3721.211 Thread 0x0000000017de7800 Thread exited: 0x0000000017de7800
Event: 3721.211 Thread 0x0000000017de8800 Thread exited: 0x0000000017de8800
Event: 3721.211 Thread 0x0000000017de5800 Thread exited: 0x0000000017de5800
Event: 3721.339 Executing VM operation: RevokeBias
Event: 3721.340 Executing VM operation: RevokeBias done
Event: 3721.340 Executing VM operation: RevokeBias
Event: 3721.340 Executing VM operation: RevokeBias done
Event: 3721.340 Executing VM operation: BulkRevokeBias
Event: 3721.340 Executing VM operation: BulkRevokeBias done


Dynamic libraries:
0x00007ff7c0f00000 - 0x00007ff7c0f37000 	C:\Program Files\Java\jdk1.8.0_73\bin\java.exe
0x00007ffc74120000 - 0x00007ffc742f1000 	C:\WINDOWS\SYSTEM32\ntdll.dll
0x00007ffc726d0000 - 0x00007ffc7277b000 	C:\WINDOWS\System32\KERNEL32.DLL
0x00007ffc70a20000 - 0x00007ffc70c3d000 	C:\WINDOWS\System32\KERNELBASE.dll
0x00007ffc72610000 - 0x00007ffc726b2000 	C:\WINDOWS\System32\ADVAPI32.dll
0x00007ffc72b10000 - 0x00007ffc72bae000 	C:\WINDOWS\System32\msvcrt.dll
0x00007ffc716b0000 - 0x00007ffc71709000 	C:\WINDOWS\System32\sechost.dll
0x00007ffc72380000 - 0x00007ffc724a1000 	C:\WINDOWS\System32\RPCRT4.dll
0x00007ffc72900000 - 0x00007ffc72a65000 	C:\WINDOWS\System32\USER32.dll
0x00007ffc71590000 - 0x00007ffc715ae000 	C:\WINDOWS\System32\win32u.dll
0x00007ffc72780000 - 0x00007ffc727b4000 	C:\WINDOWS\System32\GDI32.dll
0x00007ffc707e0000 - 0x00007ffc70962000 	C:\WINDOWS\System32\gdi32full.dll
0x00007ffc681d0000 - 0x00007ffc68449000 	C:\WINDOWS\WinSxS\amd64_microsoft.windows.common-controls_6595b64144ccf1df_6.0.14393.0_none_2d0f50fcbdb171b8\COMCTL32.dll
0x00007ffc71940000 - 0x00007ffc71c07000 	C:\WINDOWS\System32\combase.dll
0x00007ffc715b0000 - 0x00007ffc716a5000 	C:\WINDOWS\System32\ucrtbase.dll
0x00007ffc70d90000 - 0x00007ffc70dfa000 	C:\WINDOWS\System32\bcryptPrimitives.dll
0x00007ffc727d0000 - 0x00007ffc727fe000 	C:\WINDOWS\System32\IMM32.DLL
0x0000000075340000 - 0x0000000075412000 	C:\Program Files\Java\jdk1.8.0_73\jre\bin\msvcr100.dll
0x0000000074ab0000 - 0x0000000075340000 	C:\Program Files\Java\jdk1.8.0_73\jre\bin\server\jvm.dll
0x00007ffc71e10000 - 0x00007ffc71e18000 	C:\WINDOWS\System32\PSAPI.DLL
0x00007ffc6d880000 - 0x00007ffc6d889000 	C:\WINDOWS\SYSTEM32\WSOCK32.dll
0x00007ffc695d0000 - 0x00007ffc695da000 	C:\WINDOWS\SYSTEM32\VERSION.dll
0x00007ffc6ea40000 - 0x00007ffc6ea63000 	C:\WINDOWS\SYSTEM32\WINMM.dll
0x00007ffc72250000 - 0x00007ffc722ba000 	C:\WINDOWS\System32\WS2_32.dll
0x00007ffc6e9e0000 - 0x00007ffc6ea0b000 	C:\WINDOWS\SYSTEM32\WINMMBASE.dll
0x00007ffc70ce0000 - 0x00007ffc70d22000 	C:\WINDOWS\System32\cfgmgr32.dll
0x0000000076130000 - 0x000000007613f000 	C:\Program Files\Java\jdk1.8.0_73\jre\bin\verify.dll
0x0000000076100000 - 0x0000000076129000 	C:\Program Files\Java\jdk1.8.0_73\jre\bin\java.dll
0x00000000760e0000 - 0x00000000760f6000 	C:\Program Files\Java\jdk1.8.0_73\jre\bin\zip.dll
0x00007ffc72c10000 - 0x00007ffc74118000 	C:\WINDOWS\System32\SHELL32.dll
0x00007ffc70eb0000 - 0x00007ffc7158a000 	C:\WINDOWS\System32\windows.storage.dll
0x00007ffc705a0000 - 0x00007ffc705ec000 	C:\WINDOWS\System32\powrprof.dll
0x00007ffc71c70000 - 0x00007ffc71cc2000 	C:\WINDOWS\System32\shlwapi.dll
0x00007ffc70600000 - 0x00007ffc7060f000 	C:\WINDOWS\System32\kernel.appcore.dll
0x00007ffc70970000 - 0x00007ffc70a19000 	C:\WINDOWS\System32\shcore.dll
0x00007ffc70580000 - 0x00007ffc70594000 	C:\WINDOWS\System32\profapi.dll
0x00000000760c0000 - 0x00000000760da000 	C:\Program Files\Java\jdk1.8.0_73\jre\bin\net.dll
0x00007ffc6fdb0000 - 0x00007ffc6fe0c000 	C:\WINDOWS\system32\mswsock.dll
0x00000000760a0000 - 0x00000000760b1000 	C:\Program Files\Java\jdk1.8.0_73\jre\bin\nio.dll
0x00007ffc62b60000 - 0x00007ffc62b72000 	C:\Users\÷”¥Û“Ø\.gradle\native\19\windows-amd64\native-platform.dll
0x00007ffc70060000 - 0x00007ffc70077000 	C:\WINDOWS\SYSTEM32\CRYPTSP.dll
0x00007ffc6ff30000 - 0x00007ffc6ff63000 	C:\WINDOWS\system32\rsaenh.dll
0x00007ffc70160000 - 0x00007ffc7018b000 	C:\WINDOWS\SYSTEM32\bcrypt.dll
0x00007ffc6fc30000 - 0x00007ffc6fc4f000 	C:\WINDOWS\SYSTEM32\USERENV.dll
0x00007ffc70050000 - 0x00007ffc7005b000 	C:\WINDOWS\SYSTEM32\CRYPTBASE.dll
0x00007ffc6fb40000 - 0x00007ffc6fb78000 	C:\WINDOWS\SYSTEM32\IPHLPAPI.DLL
0x00007ffc726c0000 - 0x00007ffc726c8000 	C:\WINDOWS\System32\NSI.dll
0x00007ffc677f0000 - 0x00007ffc67806000 	C:\WINDOWS\SYSTEM32\dhcpcsvc6.DLL
0x00007ffc677d0000 - 0x00007ffc677ea000 	C:\WINDOWS\SYSTEM32\dhcpcsvc.DLL
0x0000000076090000 - 0x000000007609d000 	C:\Program Files\Java\jdk1.8.0_73\jre\bin\management.dll
0x0000000074a80000 - 0x0000000074aa4000 	C:\Program Files\Java\jdk1.8.0_73\jre\bin\sunec.dll
0x0000000076080000 - 0x000000007608b000 	C:\Program Files\Java\jdk1.8.0_73\jre\bin\sunmscapi.dll
0x00007ffc70610000 - 0x00007ffc707d8000 	C:\WINDOWS\System32\CRYPT32.dll
0x00007ffc705f0000 - 0x00007ffc70600000 	C:\WINDOWS\System32\MSASN1.dll

VM Arguments:
jvm_args: -Xmx1536m -Dfile.encoding=GBK -Duser.country=CN -Duser.language=zh -Duser.variant 
java_command: org.gradle.launcher.daemon.bootstrap.GradleDaemon 2.14.1
java_class_path (initial): D:\Program Files\android studio\gradle\gradle-2.14.1\lib\gradle-launcher-2.14.1.jar
Launcher Type: SUN_STANDARD

Environment Variables:
JAVA_HOME=C:\Program Files\Java\jdk1.8.0_73
PATH=D:\py34\Lib\site-packages\PyQt5;C:\Program Files (x86)\Intel\iCLS Client\;C:\Program Files\Intel\iCLS Client\;C:\ProgramData\Oracle\Java\javapath;C:\Windows\system32;C:\Windows;C:\Windows\System32\Wbem;C:\Windows\System32\WindowsPowerShell\v1.0\;C:\Program Files (x86)\NVIDIA Corporation\PhysX\Common;C:\Program Files\Java\jdk1.8.0_73\bin;C:\WINDOWS\system32;C:\WINDOWS;C:\WINDOWS\System32\Wbem;C:\WINDOWS\System32\WindowsPowerShell\v1.0\;C:\Program Files (x86)\Intel\Intel(R) Management Engine Components\DAL;C:\Program Files\Intel\Intel(R) Management Engine Components\DAL;C:\Program Files (x86)\Intel\Intel(R) Management Engine Components\IPT;C:\Program Files\Intel\Intel(R) Management Engine Components\IPT;D:\mysql-5.6.24-win32\bin;C:\Program Files\Java\jre1.8.0_77\bin;C:\Program Files\Java;D:\Program Files\SVN\bin;C:\Program Files\TortoiseSVN\bin;E:\∑¥±‡“Î\dex2jar-0.0.9.15;C:\Users\÷”¥Û“Ø\AppData\Local\Microsoft\WindowsApps
USERNAME=÷”¥Û“Ø
OS=Windows_NT
PROCESSOR_IDENTIFIER=Intel64 Family 6 Model 78 Stepping 3, GenuineIntel



---------------  S Y S T E M  ---------------

OS: Windows 10.0 , 64 bit Build 14393 (10.0.14393.0)

CPU:total 4 (2 cores per cpu, 2 threads per core) family 6 model 78 stepping 3, cmov, cx8, fxsr, mmx, sse, sse2, sse3, ssse3, sse4.1, sse4.2, popcnt, avx, avx2, aes, clmul, erms, 3dnowpref, lzcnt, ht, tsc, tscinvbit, bmi1, bmi2, adx

Memory: 4k page, physical 4091048k(351972k free), swap 11169188k(2276k free)

vm_info: Java HotSpot(TM) 64-Bit Server VM (25.73-b02) for windows-amd64 JRE (1.8.0_73-b02), built on Jan 29 2016 17:38:49 by "java_re" with MS VC++ 10.0 (VS2010)

time: Sun Oct 30 19:44:45 2016
elapsed time: 3721 seconds (0d 1h 2m 1s)

